<?xml version="1.0" encoding="UTF-8"?>
<!-- Generated by org.testng.reporters.JUnitXMLReporter -->
<testsuite hostname="kartikey" ignored="0" name="Test" tests="1" failures="1" timestamp="01 Dec 2019 06:26:21 GMT" time="13.502" errors="0">
  <testcase name="testEasy" time="6.156" classname="MySeleniumSessionClasses.MySeleniumSessionClasses.NewTest">
    <failure type="junit.framework.AssertionFailedError">
      <![CDATA[junit.framework.AssertionFailedError
at junit.framework.Assert.fail(Assert.java:47)
at junit.framework.Assert.assertTrue(Assert.java:20)
at junit.framework.Assert.assertTrue(Assert.java:27)
at MySeleniumSessionClasses.MySeleniumSessionClasses.NewTest.testEasy(NewTest.java:21)
... Removed 25 stack frames]]>
    </failure>
  </testcase> <!-- testEasy -->
</testsuite> <!-- Test -->
