<?xml version="1.0" encoding="UTF-8"?>
<testng-results skipped="0" failed="0" ignored="0" total="1" passed="1">
  <reporter-output>
  </reporter-output>
  <suite name="Suite" duration-ms="14467" started-at="2019-12-01T12:55:26 IST" finished-at="2019-12-01T12:55:41 IST">
    <groups>
    </groups>
    <test name="Test" duration-ms="14467" started-at="2019-12-01T12:55:26 IST" finished-at="2019-12-01T12:55:41 IST">
      <class name="MySeleniumSessionClasses.MySeleniumSessionClasses.NewTest">
        <test-method status="PASS" signature="beforeTest()[pri:0, instance:MySeleniumSessionClasses.MySeleniumSessionClasses.NewTest@27c86f2d]" name="beforeTest" is-config="true" duration-ms="7319" started-at="2019-12-01T12:55:26 IST" finished-at="2019-12-01T12:55:34 IST">
          <reporter-output>
          </reporter-output>
        </test-method> <!-- beforeTest -->
        <test-method status="PASS" signature="testEasy()[pri:0, instance:MySeleniumSessionClasses.MySeleniumSessionClasses.NewTest@27c86f2d]" name="testEasy" duration-ms="5858" started-at="2019-12-01T12:55:34 IST" finished-at="2019-12-01T12:55:40 IST">
          <reporter-output>
          </reporter-output>
        </test-method> <!-- testEasy -->
        <test-method status="PASS" signature="afterTest()[pri:0, instance:MySeleniumSessionClasses.MySeleniumSessionClasses.NewTest@27c86f2d]" name="afterTest" is-config="true" duration-ms="1217" started-at="2019-12-01T12:55:40 IST" finished-at="2019-12-01T12:55:41 IST">
          <reporter-output>
          </reporter-output>
        </test-method> <!-- afterTest -->
      </class> <!-- MySeleniumSessionClasses.MySeleniumSessionClasses.NewTest -->
    </test> <!-- Test -->
  </suite> <!-- Suite -->
</testng-results>
